#
# There is insufficient memory for the Java Runtime Environment to continue.
# Native memory allocation (mmap) failed to map 65536 bytes for Failed to commit metaspace.
# Possible reasons:
#   The system is out of physical RAM or swap space
#   The process is running with CompressedOops enabled, and the Java Heap may be blocking the growth of the native heap
# Possible solutions:
#   Reduce memory load on the system
#   Increase physical memory or swap space
#   Check if swap backing store is full
#   Decrease Java heap size (-Xmx/-Xms)
#   Decrease number of Java threads
#   Decrease Java thread stack sizes (-Xss)
#   Set larger code cache with -XX:ReservedCodeCacheSize=
#   JVM is running with Unscaled Compressed Oops mode in which the Java heap is
#     placed in the first 4GB address space. The Java Heap base address is the
#     maximum limit for the native heap growth. Please use -XX:HeapBaseMinAddress
#     to set the Java Heap base and to place the Java Heap above 4GB virtual address.
# This output file may be truncated or incomplete.
#
#  Out of Memory Error (virtualSpaceNode.cpp:110), pid=7820, tid=16840
#
# JRE version: Java(TM) SE Runtime Environment (18.0.1.1+2) (build 18.0.1.1+2-6)
# Java VM: Java HotSpot(TM) 64-Bit Server VM (18.0.1.1+2-6, mixed mode, sharing, tiered, compressed oops, compressed class ptrs, g1 gc, windows-amd64)
# No core dump will be written. Minidumps are not enabled by default on client versions of Windows
#

---------------  S U M M A R Y ------------

Command Line: -XX:+ShowCodeDetailsInExceptionMessages com.weather.weatherapp.WeatherappApplication

Host: Intel(R) Core(TM) i3-6006U CPU @ 2.00GHz, 4 cores, 7G,  Windows 10 , 64 bit Build 19041 (10.0.19041.3636)
Time: Sun Jan  7 13:12:48 2024 India Standard Time elapsed time: 2.142221 seconds (0d 0h 0m 2s)

---------------  T H R E A D  ---------------

Current thread (0x0000020868486b10):  JavaThread "main" [_thread_in_vm, id=16840, stack(0x0000004bef100000,0x0000004bef200000)]

Stack: [0x0000004bef100000,0x0000004bef200000]
Native frames: (J=compiled Java code, j=interpreted, Vv=VM code, C=native code)
V  [jvm.dll+0x69887a]
V  [jvm.dll+0x7f38bd]
V  [jvm.dll+0x7f51ce]
V  [jvm.dll+0x7f5883]
V  [jvm.dll+0x25ca3f]
V  [jvm.dll+0x7ef5cb]
V  [jvm.dll+0x63ea76]
V  [jvm.dll+0x63eada]
V  [jvm.dll+0x64135e]
V  [jvm.dll+0x64121e]
V  [jvm.dll+0x63f43e]
V  [jvm.dll+0x649ab7]
V  [jvm.dll+0x202381]
V  [jvm.dll+0x2028b5]
V  [jvm.dll+0x2032ef]
V  [jvm.dll+0x1f8781]
V  [jvm.dll+0x55d685]
V  [jvm.dll+0x209637]
V  [jvm.dll+0x76cf6d]
V  [jvm.dll+0x76e2a6]
V  [jvm.dll+0x76e5d8]
V  [jvm.dll+0x254d46]
V  [jvm.dll+0x254f8f]
V  [jvm.dll+0x57c158]
V  [jvm.dll+0x57ef80]
V  [jvm.dll+0x3a4743]
V  [jvm.dll+0x3a3ddf]
C  0x000002080001a5ec

Java frames: (J=compiled Java code, j=interpreted, Vv=VM code)
j  java.time.zone.TzdbZoneRulesProvider.provideRules(Ljava/lang/String;Z)Ljava/time/zone/ZoneRules;+75 java.base@18.0.1.1
j  java.time.zone.ZoneRulesProvider.getRules(Ljava/lang/String;Z)Ljava/time/zone/ZoneRules;+13 java.base@18.0.1.1
j  java.time.ZoneRegion.ofId(Ljava/lang/String;Z)Ljava/time/ZoneRegion;+15 java.base@18.0.1.1
j  java.time.ZoneId.of(Ljava/lang/String;Z)Ljava/time/ZoneId;+81 java.base@18.0.1.1
j  java.time.ZoneId.of(Ljava/lang/String;)Ljava/time/ZoneId;+2 java.base@18.0.1.1
j  java.time.ZoneId.of(Ljava/lang/String;Ljava/util/Map;)Ljava/time/ZoneId;+33 java.base@18.0.1.1
j  java.util.TimeZone.toZoneId0()Ljava/time/ZoneId;+97 java.base@18.0.1.1
j  java.util.TimeZone.toZoneId()Ljava/time/ZoneId;+11 java.base@18.0.1.1
j  java.util.TimeZone.toZoneId0()Ljava/time/ZoneId;+30 java.base@18.0.1.1
j  java.util.TimeZone.toZoneId()Ljava/time/ZoneId;+11 java.base@18.0.1.1
j  java.time.ZoneId.systemDefault()Ljava/time/ZoneId;+3 java.base@18.0.1.1
j  ch.qos.logback.core.util.CachingDateFormatter.<init>(Ljava/lang/String;Ljava/time/ZoneId;Ljava/util/Locale;)V+9
j  ch.qos.logback.core.util.CachingDateFormatter.<init>(Ljava/lang/String;Ljava/time/ZoneId;)V+4
j  ch.qos.logback.core.util.CachingDateFormatter.<init>(Ljava/lang/String;)V+3
j  ch.qos.logback.classic.layout.TTLLLayout.<init>()V+11
j  ch.qos.logback.classic.BasicConfigurator.configure(Lch/qos/logback/classic/LoggerContext;)Lch/qos/logback/classic/spi/Configurator$ExecutionStatus;+48
j  ch.qos.logback.classic.util.ContextInitializer.invokeConfigure(Lch/qos/logback/classic/spi/Configurator;)Lch/qos/logback/classic/spi/Configurator$ExecutionStatus;+42
j  ch.qos.logback.classic.util.ContextInitializer.autoConfig(Ljava/lang/ClassLoader;)V+207
j  ch.qos.logback.classic.util.ContextInitializer.autoConfig()V+6
j  ch.qos.logback.classic.spi.LogbackServiceProvider.initializeLoggerContext()V+11
j  ch.qos.logback.classic.spi.LogbackServiceProvider.initialize()V+21
j  org.slf4j.LoggerFactory.bind()V+37
j  org.slf4j.LoggerFactory.performInitialization()V+0
j  org.slf4j.LoggerFactory.getProvider()Lorg/slf4j/spi/SLF4JServiceProvider;+21
j  org.slf4j.LoggerFactory.getILoggerFactory()Lorg/slf4j/ILoggerFactory;+0
j  org.slf4j.LoggerFactory.getLogger(Ljava/lang/String;)Lorg/slf4j/Logger;+0
j  org.apache.commons.logging.LogAdapter$Slf4jAdapter.createLocationAwareLog(Ljava/lang/String;)Lorg/apache/commons/logging/Log;+1
j  org.apache.commons.logging.LogAdapter$$Lambda$1+0x0000000800c06558.apply(Ljava/lang/Object;)Ljava/lang/Object;+4
j  org.apache.commons.logging.LogAdapter.createLog(Ljava/lang/String;)Lorg/apache/commons/logging/Log;+4
j  org.apache.commons.logging.LogFactory.getLog(Ljava/lang/String;)Lorg/apache/commons/logging/Log;+1
j  org.apache.commons.logging.LogFactory.getLog(Ljava/lang/Class;)Lorg/apache/commons/logging/Log;+4
j  org.springframework.boot.SpringApplication.<clinit>()V+2
v  ~StubRoutines::call_stub
j  com.weather.weatherapp.WeatherappApplication.main([Ljava/lang/String;)V+3
v  ~StubRoutines::call_stub

---------------  P R O C E S S  ---------------

Threads class SMR info:
_java_thread_list=0x000002087d056ab0, length=12, elements={
0x0000020868486b10, 0x0000020878b43ac0, 0x0000020878b46ed0, 0x0000020878b5aa60,
0x0000020878b5b400, 0x0000020878b5c540, 0x0000020878b5d680, 0x0000020878b69b10,
0x0000020878b6f650, 0x0000020878b7ac50, 0x000002087d08cf50, 0x000002087d09baa0
}

Java Threads: ( => current thread )
=>0x0000020868486b10 JavaThread "main" [_thread_in_vm, id=16840, stack(0x0000004bef100000,0x0000004bef200000)]
  0x0000020878b43ac0 JavaThread "Reference Handler" daemon [_thread_blocked, id=12352, stack(0x0000004bef800000,0x0000004bef900000)]
  0x0000020878b46ed0 JavaThread "Finalizer" daemon [_thread_blocked, id=17328, stack(0x0000004bef900000,0x0000004befa00000)]
  0x0000020878b5aa60 JavaThread "Signal Dispatcher" daemon [_thread_blocked, id=1776, stack(0x0000004befa00000,0x0000004befb00000)]
  0x0000020878b5b400 JavaThread "Attach Listener" daemon [_thread_blocked, id=15696, stack(0x0000004befb00000,0x0000004befc00000)]
  0x0000020878b5c540 JavaThread "Service Thread" daemon [_thread_blocked, id=12612, stack(0x0000004befc00000,0x0000004befd00000)]
  0x0000020878b5d680 JavaThread "Monitor Deflation Thread" daemon [_thread_blocked, id=8424, stack(0x0000004befd00000,0x0000004befe00000)]
  0x0000020878b69b10 JavaThread "C2 CompilerThread0" daemon [_thread_blocked, id=15580, stack(0x0000004befe00000,0x0000004beff00000)]
  0x0000020878b6f650 JavaThread "C1 CompilerThread0" daemon [_thread_in_vm, id=9772, stack(0x0000004beff00000,0x0000004bf0000000)]
  0x0000020878b7ac50 JavaThread "Sweeper thread" daemon [_thread_blocked, id=12176, stack(0x0000004bf0000000,0x0000004bf0100000)]
  0x000002087d08cf50 JavaThread "Notification Thread" daemon [_thread_blocked, id=18324, stack(0x0000004bf0100000,0x0000004bf0200000)]
  0x000002087d09baa0 JavaThread "Common-Cleaner" daemon [_thread_blocked, id=1836, stack(0x0000004bf0300000,0x0000004bf0400000)]

Other Threads:
  0x0000020878b40320 VMThread "VM Thread" [stack: 0x0000004bef700000,0x0000004bef800000] [id=14684] _threads_hazard_ptr=0x000002087d056ab0
  0x000002087d097840 WatcherThread "VM Periodic Task Thread" [stack: 0x0000004bf0200000,0x0000004bf0300000] [id=15760]
  0x00000208684eaa00 WorkerThread "GC Thread#0" [stack: 0x0000004bef200000,0x0000004bef300000] [id=17048]
  0x00000208684fc200 ConcurrentGCThread "G1 Main Marker" [stack: 0x0000004bef300000,0x0000004bef400000] [id=16220]
  0x00000208684fcbf0 WorkerThread "G1 Conc#0" [stack: 0x0000004bef400000,0x0000004bef500000] [id=15596]
  0x000002086853b7e0 ConcurrentGCThread "G1 Refine#0" [stack: 0x0000004bef500000,0x0000004bef600000] [id=15568]
  0x000002086853c0f0 ConcurrentGCThread "G1 Service" [stack: 0x0000004bef600000,0x0000004bef700000] [id=13908]

Threads with active compile tasks:
C1 CompilerThread0     2590  563       3       jdk.internal.jimage.BasicImageReader::verifyLocation (39 bytes)

VM state: synchronizing (normal execution)

VM Mutex/Monitor currently owned by a thread:  ([mutex/lock_event])
[0x0000020868483f90] Metaspace_lock - owner thread: 0x0000020868486b10
[0x0000020868485060] MethodData_lock - owner thread: 0x0000020878b6f650
[0x0000020868485d50] Threads_lock - owner thread: 0x0000020878b40320

Heap address: 0x0000000083a00000, size: 1990 MB, Compressed Oops mode: 32-bit

CDS archive(s) mapped at: [0x0000000800000000-0x0000000800ba0000-0x0000000800ba0000), size 12189696, SharedBaseAddress: 0x0000000800000000, ArchiveRelocationMode: 0.
Compressed class space mapped at: 0x0000000800c00000-0x0000000840c00000, reserved size: 1073741824
Narrow klass base: 0x0000000800000000, Narrow klass shift: 0, Narrow klass range: 0x100000000

GC Precious Log:
 CardTable entry size: 512
 Card Set container configuration: InlinePtr #cards 5 size 8 Array Of Cards #cards 12 size 40 Howl #buckets 4 coarsen threshold 1843 Howl Bitmap #cards 512 size 80 coarsen threshold 460 Card regions per heap region 1 cards per card region 2048
 CPUs: 4 total, 4 available
 Memory: 7956M
 Large Page Support: Disabled
 NUMA Support: Disabled
 Compressed Oops: Enabled (32-bit)
 Heap Region Size: 1M
 Heap Min Capacity: 8M
 Heap Initial Capacity: 126M
 Heap Max Capacity: 1990M
 Pre-touch: Disabled
 Parallel Workers: 4
 Concurrent Workers: 1
 Concurrent Refinement Workers: 4
 Periodic GC: Disabled

Heap:
 garbage-first heap   total 129024K, used 8192K [0x0000000083a00000, 0x0000000100000000)
  region size 1024K, 9 young (9216K), 0 survivors (0K)
 Metaspace       used 2047K, committed 2176K, reserved 1114112K
  class space    used 179K, committed 256K, reserved 1048576K

Heap Regions: E=young(eden), S=young(survivor), O=old, HS=humongous(starts), HC=humongous(continues), CS=collection set, F=free, OA=open archive, CA=closed archive, TAMS=top-at-mark-start (previous, next)
|   0|0x0000000083a00000, 0x0000000083a00000, 0x0000000083b00000|  0%| F|  |TAMS 0x0000000083a00000, 0x0000000083a00000| Untracked 
|   1|0x0000000083b00000, 0x0000000083b00000, 0x0000000083c00000|  0%| F|  |TAMS 0x0000000083b00000, 0x0000000083b00000| Untracked 
|   2|0x0000000083c00000, 0x0000000083c00000, 0x0000000083d00000|  0%| F|  |TAMS 0x0000000083c00000, 0x0000000083c00000| Untracked 
|   3|0x0000000083d00000, 0x0000000083d00000, 0x0000000083e00000|  0%| F|  |TAMS 0x0000000083d00000, 0x0000000083d00000| Untracked 
|   4|0x0000000083e00000, 0x0000000083e00000, 0x0000000083f00000|  0%| F|  |TAMS 0x0000000083e00000, 0x0000000083e00000| Untracked 
|   5|0x0000000083f00000, 0x0000000083f00000, 0x0000000084000000|  0%| F|  |TAMS 0x0000000083f00000, 0x0000000083f00000| Untracked 
|   6|0x0000000084000000, 0x0000000084000000, 0x0000000084100000|  0%| F|  |TAMS 0x0000000084000000, 0x0000000084000000| Untracked 
|   7|0x0000000084100000, 0x0000000084100000, 0x0000000084200000|  0%| F|  |TAMS 0x0000000084100000, 0x0000000084100000| Untracked 
|   8|0x0000000084200000, 0x0000000084200000, 0x0000000084300000|  0%| F|  |TAMS 0x0000000084200000, 0x0000000084200000| Untracked 
|   9|0x0000000084300000, 0x0000000084300000, 0x0000000084400000|  0%| F|  |TAMS 0x0000000084300000, 0x0000000084300000| Untracked 
|  10|0x0000000084400000, 0x0000000084400000, 0x0000000084500000|  0%| F|  |TAMS 0x0000000084400000, 0x0000000084400000| Untracked 
|  11|0x0000000084500000, 0x0000000084500000, 0x0000000084600000|  0%| F|  |TAMS 0x0000000084500000, 0x0000000084500000| Untracked 
|  12|0x0000000084600000, 0x0000000084600000, 0x0000000084700000|  0%| F|  |TAMS 0x0000000084600000, 0x0000000084600000| Untracked 
|  13|0x0000000084700000, 0x0000000084700000, 0x0000000084800000|  0%| F|  |TAMS 0x0000000084700000, 0x0000000084700000| Untracked 
|  14|0x0000000084800000, 0x0000000084800000, 0x0000000084900000|  0%| F|  |TAMS 0x0000000084800000, 0x0000000084800000| Untracked 
|  15|0x0000000084900000, 0x0000000084900000, 0x0000000084a00000|  0%| F|  |TAMS 0x0000000084900000, 0x0000000084900000| Untracked 
|  16|0x0000000084a00000, 0x0000000084a00000, 0x0000000084b00000|  0%| F|  |TAMS 0x0000000084a00000, 0x0000000084a00000| Untracked 
|  17|0x0000000084b00000, 0x0000000084b00000, 0x0000000084c00000|  0%| F|  |TAMS 0x0000000084b00000, 0x0000000084b00000| Untracked 
|  18|0x0000000084c00000, 0x0000000084c00000, 0x0000000084d00000|  0%| F|  |TAMS 0x0000000084c00000, 0x0000000084c00000| Untracked 
|  19|0x0000000084d00000, 0x0000000084d00000, 0x0000000084e00000|  0%| F|  |TAMS 0x0000000084d00000, 0x0000000084d00000| Untracked 
|  20|0x0000000084e00000, 0x0000000084e00000, 0x0000000084f00000|  0%| F|  |TAMS 0x0000000084e00000, 0x0000000084e00000| Untracked 
|  21|0x0000000084f00000, 0x0000000084f00000, 0x0000000085000000|  0%| F|  |TAMS 0x0000000084f00000, 0x0000000084f00000| Untracked 
|  22|0x0000000085000000, 0x0000000085000000, 0x0000000085100000|  0%| F|  |TAMS 0x0000000085000000, 0x0000000085000000| Untracked 
|  23|0x0000000085100000, 0x0000000085100000, 0x0000000085200000|  0%| F|  |TAMS 0x0000000085100000, 0x0000000085100000| Untracked 
|  24|0x0000000085200000, 0x0000000085200000, 0x0000000085300000|  0%| F|  |TAMS 0x0000000085200000, 0x0000000085200000| Untracked 
|  25|0x0000000085300000, 0x0000000085300000, 0x0000000085400000|  0%| F|  |TAMS 0x0000000085300000, 0x0000000085300000| Untracked 
|  26|0x0000000085400000, 0x0000000085400000, 0x0000000085500000|  0%| F|  |TAMS 0x0000000085400000, 0x0000000085400000| Untracked 
|  27|0x0000000085500000, 0x0000000085500000, 0x0000000085600000|  0%| F|  |TAMS 0x0000000085500000, 0x0000000085500000| Untracked 
|  28|0x0000000085600000, 0x0000000085600000, 0x0000000085700000|  0%| F|  |TAMS 0x0000000085600000, 0x0000000085600000| Untracked 
|  29|0x0000000085700000, 0x0000000085700000, 0x0000000085800000|  0%| F|  |TAMS 0x0000000085700000, 0x0000000085700000| Untracked 
|  30|0x0000000085800000, 0x0000000085800000, 0x0000000085900000|  0%| F|  |TAMS 0x0000000085800000, 0x0000000085800000| Untracked 
|  31|0x0000000085900000, 0x0000000085900000, 0x0000000085a00000|  0%| F|  |TAMS 0x0000000085900000, 0x0000000085900000| Untracked 
|  32|0x0000000085a00000, 0x0000000085a00000, 0x0000000085b00000|  0%| F|  |TAMS 0x0000000085a00000, 0x0000000085a00000| Untracked 
|  33|0x0000000085b00000, 0x0000000085b00000, 0x0000000085c00000|  0%| F|  |TAMS 0x0000000085b00000, 0x0000000085b00000| Untracked 
|  34|0x0000000085c00000, 0x0000000085c00000, 0x0000000085d00000|  0%| F|  |TAMS 0x0000000085c00000, 0x0000000085c00000| Untracked 
|  35|0x0000000085d00000, 0x0000000085d00000, 0x0000000085e00000|  0%| F|  |TAMS 0x0000000085d00000, 0x0000000085d00000| Untracked 
|  36|0x0000000085e00000, 0x0000000085e00000, 0x0000000085f00000|  0%| F|  |TAMS 0x0000000085e00000, 0x0000000085e00000| Untracked 
|  37|0x0000000085f00000, 0x0000000085f00000, 0x0000000086000000|  0%| F|  |TAMS 0x0000000085f00000, 0x0000000085f00000| Untracked 
|  38|0x0000000086000000, 0x0000000086000000, 0x0000000086100000|  0%| F|  |TAMS 0x0000000086000000, 0x0000000086000000| Untracked 
|  39|0x0000000086100000, 0x0000000086100000, 0x0000000086200000|  0%| F|  |TAMS 0x0000000086100000, 0x0000000086100000| Untracked 
|  40|0x0000000086200000, 0x0000000086200000, 0x0000000086300000|  0%| F|  |TAMS 0x0000000086200000, 0x0000000086200000| Untracked 
|  41|0x0000000086300000, 0x0000000086300000, 0x0000000086400000|  0%| F|  |TAMS 0x0000000086300000, 0x0000000086300000| Untracked 
|  42|0x0000000086400000, 0x0000000086400000, 0x0000000086500000|  0%| F|  |TAMS 0x0000000086400000, 0x0000000086400000| Untracked 
|  43|0x0000000086500000, 0x0000000086500000, 0x0000000086600000|  0%| F|  |TAMS 0x0000000086500000, 0x0000000086500000| Untracked 
|  44|0x0000000086600000, 0x0000000086600000, 0x0000000086700000|  0%| F|  |TAMS 0x0000000086600000, 0x0000000086600000| Untracked 
|  45|0x0000000086700000, 0x0000000086700000, 0x0000000086800000|  0%| F|  |TAMS 0x0000000086700000, 0x0000000086700000| Untracked 
|  46|0x0000000086800000, 0x0000000086800000, 0x0000000086900000|  0%| F|  |TAMS 0x0000000086800000, 0x0000000086800000| Untracked 
|  47|0x0000000086900000, 0x0000000086900000, 0x0000000086a00000|  0%| F|  |TAMS 0x0000000086900000, 0x0000000086900000| Untracked 
|  48|0x0000000086a00000, 0x0000000086a00000, 0x0000000086b00000|  0%| F|  |TAMS 0x0000000086a00000, 0x0000000086a00000| Untracked 
|  49|0x0000000086b00000, 0x0000000086b00000, 0x0000000086c00000|  0%| F|  |TAMS 0x0000000086b00000, 0x0000000086b00000| Untracked 
|  50|0x0000000086c00000, 0x0000000086c00000, 0x0000000086d00000|  0%| F|  |TAMS 0x0000000086c00000, 0x0000000086c00000| Untracked 
|  51|0x0000000086d00000, 0x0000000086d00000, 0x0000000086e00000|  0%| F|  |TAMS 0x0000000086d00000, 0x0000000086d00000| Untracked 
|  52|0x0000000086e00000, 0x0000000086e00000, 0x0000000086f00000|  0%| F|  |TAMS 0x0000000086e00000, 0x0000000086e00000| Untracked 
|  53|0x0000000086f00000, 0x0000000086f00000, 0x0000000087000000|  0%| F|  |TAMS 0x0000000086f00000, 0x0000000086f00000| Untracked 
|  54|0x0000000087000000, 0x0000000087000000, 0x0000000087100000|  0%| F|  |TAMS 0x0000000087000000, 0x0000000087000000| Untracked 
|  55|0x0000000087100000, 0x0000000087100000, 0x0000000087200000|  0%| F|  |TAMS 0x0000000087100000, 0x0000000087100000| Untracked 
|  56|0x0000000087200000, 0x0000000087200000, 0x0000000087300000|  0%| F|  |TAMS 0x0000000087200000, 0x0000000087200000| Untracked 
|  57|0x0000000087300000, 0x0000000087300000, 0x0000000087400000|  0%| F|  |TAMS 0x0000000087300000, 0x0000000087300000| Untracked 
|  58|0x0000000087400000, 0x0000000087400000, 0x0000000087500000|  0%| F|  |TAMS 0x0000000087400000, 0x0000000087400000| Untracked 
|  59|0x0000000087500000, 0x0000000087500000, 0x0000000087600000|  0%| F|  |TAMS 0x0000000087500000, 0x0000000087500000| Untracked 
|  60|0x0000000087600000, 0x0000000087600000, 0x0000000087700000|  0%| F|  |TAMS 0x0000000087600000, 0x0000000087600000| Untracked 
|  61|0x0000000087700000, 0x0000000087700000, 0x0000000087800000|  0%| F|  |TAMS 0x0000000087700000, 0x0000000087700000| Untracked 
|  62|0x0000000087800000, 0x0000000087800000, 0x0000000087900000|  0%| F|  |TAMS 0x0000000087800000, 0x0000000087800000| Untracked 
|  63|0x0000000087900000, 0x0000000087900000, 0x0000000087a00000|  0%| F|  |TAMS 0x0000000087900000, 0x0000000087900000| Untracked 
|  64|0x0000000087a00000, 0x0000000087a00000, 0x0000000087b00000|  0%| F|  |TAMS 0x0000000087a00000, 0x0000000087a00000| Untracked 
|  65|0x0000000087b00000, 0x0000000087b00000, 0x0000000087c00000|  0%| F|  |TAMS 0x0000000087b00000, 0x0000000087b00000| Untracked 
|  66|0x0000000087c00000, 0x0000000087c00000, 0x0000000087d00000|  0%| F|  |TAMS 0x0000000087c00000, 0x0000000087c00000| Untracked 
|  67|0x0000000087d00000, 0x0000000087d00000, 0x0000000087e00000|  0%| F|  |TAMS 0x0000000087d00000, 0x0000000087d00000| Untracked 
|  68|0x0000000087e00000, 0x0000000087e00000, 0x0000000087f00000|  0%| F|  |TAMS 0x0000000087e00000, 0x0000000087e00000| Untracked 
|  69|0x0000000087f00000, 0x0000000087f00000, 0x0000000088000000|  0%| F|  |TAMS 0x0000000087f00000, 0x0000000087f00000| Untracked 
|  70|0x0000000088000000, 0x0000000088000000, 0x0000000088100000|  0%| F|  |TAMS 0x0000000088000000, 0x0000000088000000| Untracked 
|  71|0x0000000088100000, 0x0000000088100000, 0x0000000088200000|  0%| F|  |TAMS 0x0000000088100000, 0x0000000088100000| Untracked 
|  72|0x0000000088200000, 0x0000000088200000, 0x0000000088300000|  0%| F|  |TAMS 0x0000000088200000, 0x0000000088200000| Untracked 
|  73|0x0000000088300000, 0x0000000088300000, 0x0000000088400000|  0%| F|  |TAMS 0x0000000088300000, 0x0000000088300000| Untracked 
|  74|0x0000000088400000, 0x0000000088400000, 0x0000000088500000|  0%| F|  |TAMS 0x0000000088400000, 0x0000000088400000| Untracked 
|  75|0x0000000088500000, 0x0000000088500000, 0x0000000088600000|  0%| F|  |TAMS 0x0000000088500000, 0x0000000088500000| Untracked 
|  76|0x0000000088600000, 0x0000000088600000, 0x0000000088700000|  0%| F|  |TAMS 0x0000000088600000, 0x0000000088600000| Untracked 
|  77|0x0000000088700000, 0x0000000088700000, 0x0000000088800000|  0%| F|  |TAMS 0x0000000088700000, 0x0000000088700000| Untracked 
|  78|0x0000000088800000, 0x0000000088800000, 0x0000000088900000|  0%| F|  |TAMS 0x0000000088800000, 0x0000000088800000| Untracked 
|  79|0x0000000088900000, 0x0000000088900000, 0x0000000088a00000|  0%| F|  |TAMS 0x0000000088900000, 0x0000000088900000| Untracked 
|  80|0x0000000088a00000, 0x0000000088a00000, 0x0000000088b00000|  0%| F|  |TAMS 0x0000000088a00000, 0x0000000088a00000| Untracked 
|  81|0x0000000088b00000, 0x0000000088b00000, 0x0000000088c00000|  0%| F|  |TAMS 0x0000000088b00000, 0x0000000088b00000| Untracked 
|  82|0x0000000088c00000, 0x0000000088c00000, 0x0000000088d00000|  0%| F|  |TAMS 0x0000000088c00000, 0x0000000088c00000| Untracked 
|  83|0x0000000088d00000, 0x0000000088d00000, 0x0000000088e00000|  0%| F|  |TAMS 0x0000000088d00000, 0x0000000088d00000| Untracked 
|  84|0x0000000088e00000, 0x0000000088e00000, 0x0000000088f00000|  0%| F|  |TAMS 0x0000000088e00000, 0x0000000088e00000| Untracked 
|  85|0x0000000088f00000, 0x0000000088f00000, 0x0000000089000000|  0%| F|  |TAMS 0x0000000088f00000, 0x0000000088f00000| Untracked 
|  86|0x0000000089000000, 0x0000000089000000, 0x0000000089100000|  0%| F|  |TAMS 0x0000000089000000, 0x0000000089000000| Untracked 
|  87|0x0000000089100000, 0x0000000089100000, 0x0000000089200000|  0%| F|  |TAMS 0x0000000089100000, 0x0000000089100000| Untracked 
|  88|0x0000000089200000, 0x0000000089200000, 0x0000000089300000|  0%| F|  |TAMS 0x0000000089200000, 0x0000000089200000| Untracked 
|  89|0x0000000089300000, 0x0000000089300000, 0x0000000089400000|  0%| F|  |TAMS 0x0000000089300000, 0x0000000089300000| Untracked 
|  90|0x0000000089400000, 0x0000000089400000, 0x0000000089500000|  0%| F|  |TAMS 0x0000000089400000, 0x0000000089400000| Untracked 
|  91|0x0000000089500000, 0x0000000089500000, 0x0000000089600000|  0%| F|  |TAMS 0x0000000089500000, 0x0000000089500000| Untracked 
|  92|0x0000000089600000, 0x0000000089600000, 0x0000000089700000|  0%| F|  |TAMS 0x0000000089600000, 0x0000000089600000| Untracked 
|  93|0x0000000089700000, 0x0000000089700000, 0x0000000089800000|  0%| F|  |TAMS 0x0000000089700000, 0x0000000089700000| Untracked 
|  94|0x0000000089800000, 0x0000000089800000, 0x0000000089900000|  0%| F|  |TAMS 0x0000000089800000, 0x0000000089800000| Untracked 
|  95|0x0000000089900000, 0x0000000089900000, 0x0000000089a00000|  0%| F|  |TAMS 0x0000000089900000, 0x0000000089900000| Untracked 
|  96|0x0000000089a00000, 0x0000000089a00000, 0x0000000089b00000|  0%| F|  |TAMS 0x0000000089a00000, 0x0000000089a00000| Untracked 
|  97|0x0000000089b00000, 0x0000000089b00000, 0x0000000089c00000|  0%| F|  |TAMS 0x0000000089b00000, 0x0000000089b00000| Untracked 
|  98|0x0000000089c00000, 0x0000000089c00000, 0x0000000089d00000|  0%| F|  |TAMS 0x0000000089c00000, 0x0000000089c00000| Untracked 
|  99|0x0000000089d00000, 0x0000000089d00000, 0x0000000089e00000|  0%| F|  |TAMS 0x0000000089d00000, 0x0000000089d00000| Untracked 
| 100|0x0000000089e00000, 0x0000000089e00000, 0x0000000089f00000|  0%| F|  |TAMS 0x0000000089e00000, 0x0000000089e00000| Untracked 
| 101|0x0000000089f00000, 0x0000000089f00000, 0x000000008a000000|  0%| F|  |TAMS 0x0000000089f00000, 0x0000000089f00000| Untracked 
| 102|0x000000008a000000, 0x000000008a000000, 0x000000008a100000|  0%| F|  |TAMS 0x000000008a000000, 0x000000008a000000| Untracked 
| 103|0x000000008a100000, 0x000000008a100000, 0x000000008a200000|  0%| F|  |TAMS 0x000000008a100000, 0x000000008a100000| Untracked 
| 104|0x000000008a200000, 0x000000008a200000, 0x000000008a300000|  0%| F|  |TAMS 0x000000008a200000, 0x000000008a200000| Untracked 
| 105|0x000000008a300000, 0x000000008a300000, 0x000000008a400000|  0%| F|  |TAMS 0x000000008a300000, 0x000000008a300000| Untracked 
| 106|0x000000008a400000, 0x000000008a400000, 0x000000008a500000|  0%| F|  |TAMS 0x000000008a400000, 0x000000008a400000| Untracked 
| 107|0x000000008a500000, 0x000000008a500000, 0x000000008a600000|  0%| F|  |TAMS 0x000000008a500000, 0x000000008a500000| Untracked 
| 108|0x000000008a600000, 0x000000008a600000, 0x000000008a700000|  0%| F|  |TAMS 0x000000008a600000, 0x000000008a600000| Untracked 
| 109|0x000000008a700000, 0x000000008a700000, 0x000000008a800000|  0%| F|  |TAMS 0x000000008a700000, 0x000000008a700000| Untracked 
| 110|0x000000008a800000, 0x000000008a800000, 0x000000008a900000|  0%| F|  |TAMS 0x000000008a800000, 0x000000008a800000| Untracked 
| 111|0x000000008a900000, 0x000000008a900000, 0x000000008aa00000|  0%| F|  |TAMS 0x000000008a900000, 0x000000008a900000| Untracked 
| 112|0x000000008aa00000, 0x000000008aa00000, 0x000000008ab00000|  0%| F|  |TAMS 0x000000008aa00000, 0x000000008aa00000| Untracked 
| 113|0x000000008ab00000, 0x000000008ab00000, 0x000000008ac00000|  0%| F|  |TAMS 0x000000008ab00000, 0x000000008ab00000| Untracked 
| 114|0x000000008ac00000, 0x000000008ac00000, 0x000000008ad00000|  0%| F|  |TAMS 0x000000008ac00000, 0x000000008ac00000| Untracked 
| 115|0x000000008ad00000, 0x000000008ad00000, 0x000000008ae00000|  0%| F|  |TAMS 0x000000008ad00000, 0x000000008ad00000| Untracked 
| 116|0x000000008ae00000, 0x000000008ae00000, 0x000000008af00000|  0%| F|  |TAMS 0x000000008ae00000, 0x000000008ae00000| Untracked 
| 117|0x000000008af00000, 0x000000008af43110, 0x000000008b000000| 26%| E|  |TAMS 0x000000008af00000, 0x000000008af00000| Complete 
| 118|0x000000008b000000, 0x000000008b100000, 0x000000008b100000|100%| E|CS|TAMS 0x000000008b000000, 0x000000008b000000| Complete 
| 119|0x000000008b100000, 0x000000008b200000, 0x000000008b200000|100%| E|CS|TAMS 0x000000008b100000, 0x000000008b100000| Complete 
| 120|0x000000008b200000, 0x000000008b300000, 0x000000008b300000|100%| E|CS|TAMS 0x000000008b200000, 0x000000008b200000| Complete 
| 121|0x000000008b300000, 0x000000008b400000, 0x000000008b400000|100%| E|CS|TAMS 0x000000008b300000, 0x000000008b300000| Complete 
| 122|0x000000008b400000, 0x000000008b500000, 0x000000008b500000|100%| E|CS|TAMS 0x000000008b400000, 0x000000008b400000| Complete 
| 123|0x000000008b500000, 0x000000008b600000, 0x000000008b600000|100%| E|CS|TAMS 0x000000008b500000, 0x000000008b500000| Complete 
| 124|0x000000008b600000, 0x000000008b700000, 0x000000008b700000|100%| E|CS|TAMS 0x000000008b600000, 0x000000008b600000| Complete 
| 125|0x000000008b700000, 0x000000008b800000, 0x000000008b800000|100%| E|CS|TAMS 0x000000008b700000, 0x000000008b700000| Complete 

Card table byte_map: [0x0000020871fb0000,0x00000208723a0000] _byte_map_base: 0x0000020871b93000

Marking Bits (Prev, Next): (CMBitMap*) 0x00000208684ec010, (CMBitMap*) 0x00000208684ec050
 Prev Bits: [0x0000020872790000, 0x00000208746a8000)
 Next Bits: [0x00000208746b0000, 0x00000208765c8000)

Polling page: 0x00000208682c0000

Metaspace:

Usage:
  Non-class:      1.83 MB used.
      Class:    179.13 KB used.
       Both:      2.00 MB used.

Virtual space:
  Non-class space:       64.00 MB reserved,       1.88 MB (  3%) committed,  1 nodes.
      Class space:        1.00 GB reserved,     256.00 KB ( <1%) committed,  1 nodes.
             Both:        1.06 GB reserved,       2.12 MB ( <1%) committed. 

Chunk freelists:
   Non-Class:  3.34 MB
       Class:  3.64 MB
        Both:  6.98 MB

MaxMetaspaceSize: unlimited
CompressedClassSpaceSize: 1.00 GB
Initial GC threshold: 21.00 MB
Current GC threshold: 21.00 MB
CDS: on
MetaspaceReclaimPolicy: balanced
 - commit_granule_bytes: 65536.
 - commit_granule_words: 8192.
 - virtual_space_node_default_size: 8388608.
 - enlarge_chunks_in_place: 1.
 - new_chunks_are_fully_committed: 0.
 - uncommit_free_chunks: 1.
 - use_allocation_guard: 0.


Internal statistics:

num_allocs_failed_limit: 0.
num_arena_births: 52.
num_arena_deaths: 0.
num_vsnodes_births: 2.
num_vsnodes_deaths: 0.
num_space_committed: 34.
num_space_uncommitted: 0.
num_chunks_returned_to_freelist: 0.
num_chunks_taken_from_freelist: 96.
num_chunk_merges: 0.
num_chunk_splits: 57.
num_chunks_enlarged: 39.
num_inconsistent_stats: 0.

CodeHeap 'non-profiled nmethods': size=120000Kb used=173Kb max_used=173Kb free=119826Kb
 bounds [0x0000020807ad0000, 0x0000020807d40000, 0x000002080f000000]
CodeHeap 'profiled nmethods': size=120000Kb used=885Kb max_used=885Kb free=119114Kb
 bounds [0x00000208005a0000, 0x0000020800810000, 0x0000020807ad0000]
CodeHeap 'non-nmethods': size=5760Kb used=1136Kb max_used=1152Kb free=4623Kb
 bounds [0x0000020800000000, 0x0000020800270000, 0x00000208005a0000]
 total_blobs=975 nmethods=563 adapters=325
 compilation: enabled
              stopped_count=0, restarted_count=0
 full_count=0

Compilation events (20 events):
Event: 1.827 Thread 0x0000020878b6f650 nmethod 553 0x000002080067ad10 code [0x000002080067aec0, 0x000002080067b0a8]
Event: 1.827 Thread 0x0000020878b6f650  555       3       java.util.HashMap$HashIterator::hasNext (13 bytes)
Event: 1.827 Thread 0x0000020878b6f650 nmethod 555 0x000002080067b190 code [0x000002080067b320, 0x000002080067b498]
Event: 1.827 Thread 0x0000020878b6f650  556       3       java.util.HashMap$HashIterator::nextNode (100 bytes)
Event: 1.828 Thread 0x0000020878b6f650 nmethod 556 0x000002080067b510 code [0x000002080067b700, 0x000002080067bc38]
Event: 1.828 Thread 0x0000020878b6f650  557       3       java.util.HashMap$KeyIterator::next (8 bytes)
Event: 1.828 Thread 0x0000020878b69b10  558       4       java.util.Objects::requireNonNull (15 bytes)
Event: 1.828 Thread 0x0000020878b6f650 nmethod 557 0x000002080067be10 code [0x000002080067bfc0, 0x000002080067c108]
Event: 1.828 Thread 0x0000020878b6f650  559       3       java.util.concurrent.ConcurrentHashMap$KeyIterator::next (34 bytes)
Event: 1.829 Thread 0x0000020878b6f650 nmethod 559 0x000002080067c210 code [0x000002080067c3c0, 0x000002080067c618]
Event: 1.829 Thread 0x0000020878b69b10 nmethod 558 0x0000020807afaf10 code [0x0000020807afb080, 0x0000020807afb0f8]
Event: 1.829 Thread 0x0000020878b6f650  560       3       jdk.internal.module.SystemModuleFinders$SystemImage::reader (4 bytes)
Event: 1.829 Thread 0x0000020878b6f650 nmethod 560 0x000002080067c710 code [0x000002080067c8a0, 0x000002080067c998]
Event: 1.829 Thread 0x0000020878b6f650  561       3       jdk.internal.jimage.ImageReader::verifyLocation (14 bytes)
Event: 1.829 Thread 0x0000020878b69b10  565       4       jdk.internal.jimage.ImageStringsReader::unmaskedHashCode (166 bytes)
Event: 1.830 Thread 0x0000020878b6f650 nmethod 561 0x000002080067ca10 code [0x000002080067cbe0, 0x000002080067cf38]
Event: 1.830 Thread 0x0000020878b6f650  562       3       jdk.internal.jimage.ImageReader::requireOpen (18 bytes)
Event: 1.830 Thread 0x0000020878b6f650 nmethod 562 0x000002080067d090 code [0x000002080067d240, 0x000002080067d468]
Event: 1.830 Thread 0x0000020878b6f650  563       3       jdk.internal.jimage.BasicImageReader::verifyLocation (39 bytes)
Event: 1.833 Thread 0x0000020878b69b10 nmethod 565 0x0000020807afb210 code [0x0000020807afb3a0, 0x0000020807afb568]

GC Heap History (0 events):
No events

Deoptimization events (20 events):
Event: 0.259 Thread 0x0000020868486b10 Uncommon trap: trap_request=0xffffff45 fr.pc=0x0000020807ad1634 relative=0x00000000000000b4
Event: 0.259 Thread 0x0000020868486b10 Uncommon trap: reason=unstable_if action=reinterpret pc=0x0000020807ad1634 method=java.lang.String.isLatin1()Z @ 10 c2
Event: 0.259 Thread 0x0000020868486b10 DEOPT PACKING pc=0x0000020807ad1634 sp=0x0000004bef1ff220
Event: 0.259 Thread 0x0000020868486b10 DEOPT UNPACKING pc=0x00000208000523a3 sp=0x0000004bef1ff160 mode 2
Event: 0.339 Thread 0x0000020868486b10 DEOPT PACKING pc=0x00000208005b6b67 sp=0x0000004bef1fdb30
Event: 0.339 Thread 0x0000020868486b10 DEOPT UNPACKING pc=0x0000020800052b43 sp=0x0000004bef1fcf50 mode 0
Event: 1.049 Thread 0x0000020868486b10 DEOPT PACKING pc=0x00000208005d76a6 sp=0x0000004bef1fcbf0
Event: 1.049 Thread 0x0000020868486b10 DEOPT UNPACKING pc=0x0000020800052b43 sp=0x0000004bef1fc0c0 mode 0
Event: 1.167 Thread 0x0000020868486b10 Uncommon trap: trap_request=0xffffff45 fr.pc=0x0000020807ad99e4 relative=0x0000000000000064
Event: 1.167 Thread 0x0000020868486b10 Uncommon trap: reason=unstable_if action=reinterpret pc=0x0000020807ad99e4 method=java.io.WinNTFileSystem.isSlash(C)Z @ 9 c2
Event: 1.167 Thread 0x0000020868486b10 DEOPT PACKING pc=0x0000020807ad99e4 sp=0x0000004bef1fdee0
Event: 1.167 Thread 0x0000020868486b10 DEOPT UNPACKING pc=0x00000208000523a3 sp=0x0000004bef1fde68 mode 2
Event: 1.219 Thread 0x0000020868486b10 DEOPT PACKING pc=0x00000208005c4ae8 sp=0x0000004bef1fd2f0
Event: 1.219 Thread 0x0000020868486b10 DEOPT UNPACKING pc=0x0000020800052b43 sp=0x0000004bef1fc780 mode 0
Event: 1.219 Thread 0x0000020868486b10 DEOPT PACKING pc=0x00000208005c3956 sp=0x0000004bef1fd1b0
Event: 1.219 Thread 0x0000020868486b10 DEOPT UNPACKING pc=0x0000020800052b43 sp=0x0000004bef1fc638 mode 0
Event: 1.666 Thread 0x0000020868486b10 Uncommon trap: trap_request=0xffffff45 fr.pc=0x0000020807aeb098 relative=0x0000000000000278
Event: 1.666 Thread 0x0000020868486b10 Uncommon trap: reason=unstable_if action=reinterpret pc=0x0000020807aeb098 method=java.io.BufferedReader.read()I @ 19 c2
Event: 1.666 Thread 0x0000020868486b10 DEOPT PACKING pc=0x0000020807aeb098 sp=0x0000004bef1fd020
Event: 1.666 Thread 0x0000020868486b10 DEOPT UNPACKING pc=0x00000208000523a3 sp=0x0000004bef1fcf60 mode 2

Classes loaded (20 events):
Event: 1.696 Loading class java/io/FilePermissionCollection$1 done
Event: 1.696 Loading class java/security/PermissionsEnumerator
Event: 1.697 Loading class java/security/PermissionsEnumerator done
Event: 1.697 Loading class java/security/AccessControlException
Event: 1.697 Loading class java/security/AccessControlException done
Event: 1.775 Loading class java/net/MalformedURLException
Event: 1.775 Loading class java/net/MalformedURLException done
Event: 1.800 Loading class java/util/concurrent/atomic/AtomicBoolean
Event: 1.800 Loading class java/util/concurrent/atomic/AtomicBoolean done
Event: 1.820 Loading class sun/util/calendar/ZoneInfoFile$Checksum
Event: 1.820 Loading class sun/util/calendar/ZoneInfoFile$Checksum done
Event: 1.821 Loading class java/time/zone/ZoneRulesProvider
Event: 1.821 Loading class java/time/zone/ZoneRulesProvider done
Event: 1.821 Loading class java/time/zone/ZoneRulesProvider$1
Event: 1.821 Loading class java/time/zone/ZoneRulesProvider$1 done
Event: 1.821 Loading class java/time/zone/TzdbZoneRulesProvider
Event: 1.821 Loading class java/time/zone/TzdbZoneRulesProvider done
Event: 1.830 Loading class java/time/zone/Ser
Event: 1.830 Loading class java/io/Externalizable
Event: 1.830 Loading class java/io/Externalizable done

Classes unloaded (0 events):
No events

Classes redefined (0 events):
No events

Internal exceptions (4 events):
Event: 1.662 Thread 0x0000020868486b10 Exception <a 'java/lang/ClassNotFoundException'{0x000000008b16c3e8}: javax/smartcardio/CardPermission> (0x000000008b16c3e8) 
thrown [s\open\src\hotspot\share\classfile\systemDictionary.cpp, line 255]
Event: 1.679 Thread 0x0000020868486b10 Exception <a 'java/io/FileNotFoundException'{0x000000008b17aa18}> (0x000000008b17aa18) 
thrown [s\open\src\hotspot\share\prims\jni.cpp, line 516]
Event: 1.772 Thread 0x0000020868486b10 Exception <a 'java/lang/NoSuchMethodError'{0x000000008b031da0}: 'java.lang.Object java.lang.invoke.DirectMethodHandle$Holder.invokeSpecial(java.lang.Object, java.lang.Object, java.lang.Object, long, java.lang.Object)'> (0x000000008b031da0) 
thrown [s\open\src\hotspot\share\interpreter\linkResolver.cpp, line 766]
Event: 1.773 Thread 0x0000020868486b10 Exception <a 'java/lang/NoSuchMethodError'{0x000000008b035a40}: 'java.lang.Object java.lang.invoke.Invokers$Holder.linkToTargetMethod(java.lang.Object, long, java.lang.Object, java.lang.Object)'> (0x000000008b035a40) 
thrown [s\open\src\hotspot\share\interpreter\linkResolver.cpp, line 766]

VM Operations (8 events):
Event: 0.302 Executing VM operation: HandshakeAllThreads
Event: 0.302 Executing VM operation: HandshakeAllThreads done
Event: 1.129 Executing VM operation: HandshakeAllThreads
Event: 1.129 Executing VM operation: HandshakeAllThreads done
Event: 1.129 Executing VM operation: Cleanup
Event: 1.129 Executing VM operation: Cleanup done
Event: 1.167 Executing VM operation: HandshakeAllThreads
Event: 1.167 Executing VM operation: HandshakeAllThreads done

Events (18 events):
Event: 0.020 Loaded shared library C:\Program Files\Java\jdk-18.0.1.1\bin\java.dll
Event: 0.053 Loaded shared library C:\Program Files\Java\jdk-18.0.1.1\bin\jsvml.dll
Event: 0.054 Thread 0x0000020868486b10 Thread added: 0x0000020868486b10
Event: 0.059 Thread 0x0000020878b43ac0 Thread added: 0x0000020878b43ac0
Event: 0.060 Thread 0x0000020878b46ed0 Thread added: 0x0000020878b46ed0
Event: 0.103 Thread 0x0000020878b5aa60 Thread added: 0x0000020878b5aa60
Event: 0.103 Thread 0x0000020878b5b400 Thread added: 0x0000020878b5b400
Event: 0.104 Thread 0x0000020878b5c540 Thread added: 0x0000020878b5c540
Event: 0.104 Thread 0x0000020878b5d680 Thread added: 0x0000020878b5d680
Event: 0.104 Thread 0x0000020878b69b10 Thread added: 0x0000020878b69b10
Event: 0.104 Thread 0x0000020878b6f650 Thread added: 0x0000020878b6f650
Event: 0.105 Thread 0x0000020878b7ac50 Thread added: 0x0000020878b7ac50
Event: 0.246 Thread 0x000002087d08cf50 Thread added: 0x000002087d08cf50
Event: 0.262 Thread 0x000002087d09baa0 Thread added: 0x000002087d09baa0
Event: 0.280 Loaded shared library C:\Program Files\Java\jdk-18.0.1.1\bin\net.dll
Event: 0.283 Loaded shared library C:\Program Files\Java\jdk-18.0.1.1\bin\nio.dll
Event: 0.288 Loaded shared library C:\Program Files\Java\jdk-18.0.1.1\bin\zip.dll
Event: 1.156 Loaded shared library C:\Program Files\Java\jdk-18.0.1.1\bin\jimage.dll


Dynamic libraries:
0x00007ff6238c0000 - 0x00007ff6238d0000 	C:\Program Files\Java\jdk-18.0.1.1\bin\java.exe
0x00007ffdfb2d0000 - 0x00007ffdfb4c8000 	C:\Windows\SYSTEM32\ntdll.dll
0x00007ffdf9d00000 - 0x00007ffdf9dbd000 	C:\Windows\System32\KERNEL32.DLL
0x00007ffdf8b60000 - 0x00007ffdf8e56000 	C:\Windows\System32\KERNELBASE.dll
0x00007ffdf89b0000 - 0x00007ffdf8ab0000 	C:\Windows\System32\ucrtbase.dll
0x00007ffddb6e0000 - 0x00007ffddb6f8000 	C:\Program Files\Java\jdk-18.0.1.1\bin\jli.dll
0x00007ffddb180000 - 0x00007ffddb19a000 	C:\Program Files\Java\jdk-18.0.1.1\bin\VCRUNTIME140.dll
0x00007ffdf9c50000 - 0x00007ffdf9cff000 	C:\Windows\System32\ADVAPI32.dll
0x00007ffdfa000000 - 0x00007ffdfa09e000 	C:\Windows\System32\msvcrt.dll
0x00007ffdfadb0000 - 0x00007ffdfae4c000 	C:\Windows\System32\sechost.dll
0x00007ffdfb150000 - 0x00007ffdfb276000 	C:\Windows\System32\RPCRT4.dll
0x00007ffdf9460000 - 0x00007ffdf95fe000 	C:\Windows\System32\USER32.dll
0x00007ffdf9270000 - 0x00007ffdf9292000 	C:\Windows\System32\win32u.dll
0x00007ffdd7ea0000 - 0x00007ffdd813a000 	C:\Windows\WinSxS\amd64_microsoft.windows.common-controls_6595b64144ccf1df_6.0.19041.3636_none_60b6a03d71f818d5\COMCTL32.dll
0x00007ffdfaa20000 - 0x00007ffdfaa4c000 	C:\Windows\System32\GDI32.dll
0x00007ffdf9120000 - 0x00007ffdf923a000 	C:\Windows\System32\gdi32full.dll
0x00007ffdf8fc0000 - 0x00007ffdf905d000 	C:\Windows\System32\msvcp_win.dll
0x00007ffdf0310000 - 0x00007ffdf031a000 	C:\Windows\SYSTEM32\VERSION.dll
0x00007ffdf9630000 - 0x00007ffdf9660000 	C:\Windows\System32\IMM32.DLL
0x00007ffdf39e0000 - 0x00007ffdf39ec000 	C:\Program Files\Java\jdk-18.0.1.1\bin\vcruntime140_1.dll
0x00007ffdb9f30000 - 0x00007ffdb9fbd000 	C:\Program Files\Java\jdk-18.0.1.1\bin\msvcp140.dll
0x00007ffd8cef0000 - 0x00007ffd8db00000 	C:\Program Files\Java\jdk-18.0.1.1\bin\server\jvm.dll
0x00007ffdf9600000 - 0x00007ffdf9608000 	C:\Windows\System32\PSAPI.DLL
0x00007ffdef2e0000 - 0x00007ffdef307000 	C:\Windows\SYSTEM32\WINMM.dll
0x00007ffdd55c0000 - 0x00007ffdd55c9000 	C:\Windows\SYSTEM32\WSOCK32.dll
0x00007ffdf9ee0000 - 0x00007ffdf9f4b000 	C:\Windows\System32\WS2_32.dll
0x00007ffdf71c0000 - 0x00007ffdf71d2000 	C:\Windows\SYSTEM32\kernel.appcore.dll
0x00007ffdf39a0000 - 0x00007ffdf39aa000 	C:\Program Files\Java\jdk-18.0.1.1\bin\jimage.dll
0x00007ffdf6ed0000 - 0x00007ffdf70b4000 	C:\Windows\SYSTEM32\DBGHELP.DLL
0x00007ffdce450000 - 0x00007ffdce484000 	C:\Windows\SYSTEM32\dbgcore.DLL
0x00007ffdf92a0000 - 0x00007ffdf9322000 	C:\Windows\System32\bcryptPrimitives.dll
0x00007ffdc7db0000 - 0x00007ffdc7dd5000 	C:\Program Files\Java\jdk-18.0.1.1\bin\java.dll
0x00007ffdb7560000 - 0x00007ffdb7636000 	C:\Program Files\Java\jdk-18.0.1.1\bin\jsvml.dll
0x00007ffdfa190000 - 0x00007ffdfa8d5000 	C:\Windows\System32\SHELL32.dll
0x00007ffdf6660000 - 0x00007ffdf6dfb000 	C:\Windows\SYSTEM32\windows.storage.dll
0x00007ffdfaa50000 - 0x00007ffdfada4000 	C:\Windows\System32\combase.dll
0x00007ffdf8240000 - 0x00007ffdf826d000 	C:\Windows\SYSTEM32\Wldp.dll
0x00007ffdf9f50000 - 0x00007ffdf9ffd000 	C:\Windows\System32\SHCORE.dll
0x00007ffdf9780000 - 0x00007ffdf97d5000 	C:\Windows\System32\shlwapi.dll
0x00007ffdf88e0000 - 0x00007ffdf8905000 	C:\Windows\SYSTEM32\profapi.dll
0x00007ffdce520000 - 0x00007ffdce533000 	C:\Program Files\Java\jdk-18.0.1.1\bin\net.dll
0x00007ffdea590000 - 0x00007ffdea69a000 	C:\Windows\SYSTEM32\WINHTTP.dll
0x00007ffdf8020000 - 0x00007ffdf808a000 	C:\Windows\system32\mswsock.dll
0x00007ffdcd630000 - 0x00007ffdcd646000 	C:\Program Files\Java\jdk-18.0.1.1\bin\nio.dll
0x00007ffdd5510000 - 0x00007ffdd5528000 	C:\Program Files\Java\jdk-18.0.1.1\bin\zip.dll

dbghelp: loaded successfully - version: 4.0.5 - missing functions: none
symbol engine: initialized successfully - sym options: 0x614 - pdb path: .;C:\Program Files\Java\jdk-18.0.1.1\bin;C:\Windows\SYSTEM32;C:\Windows\WinSxS\amd64_microsoft.windows.common-controls_6595b64144ccf1df_6.0.19041.3636_none_60b6a03d71f818d5;C:\Program Files\Java\jdk-18.0.1.1\bin\server

VM Arguments:
jvm_args: -XX:+ShowCodeDetailsInExceptionMessages 
java_command: com.weather.weatherapp.WeatherappApplication
java_class_path (initial): E:\weatherapp\target\classes;C:\Users\parth\.m2\repository\org\springframework\boot\spring-boot-starter-thymeleaf\3.2.1\spring-boot-starter-thymeleaf-3.2.1.jar;C:\Users\parth\.m2\repository\org\springframework\boot\spring-boot-starter\3.2.1\spring-boot-starter-3.2.1.jar;C:\Users\parth\.m2\repository\org\springframework\boot\spring-boot-starter-logging\3.2.1\spring-boot-starter-logging-3.2.1.jar;C:\Users\parth\.m2\repository\ch\qos\logback\logback-classic\1.4.14\logback-classic-1.4.14.jar;C:\Users\parth\.m2\repository\ch\qos\logback\logback-core\1.4.14\logback-core-1.4.14.jar;C:\Users\parth\.m2\repository\org\apache\logging\log4j\log4j-to-slf4j\2.21.1\log4j-to-slf4j-2.21.1.jar;C:\Users\parth\.m2\repository\org\apache\logging\log4j\log4j-api\2.21.1\log4j-api-2.21.1.jar;C:\Users\parth\.m2\repository\org\slf4j\jul-to-slf4j\2.0.9\jul-to-slf4j-2.0.9.jar;C:\Users\parth\.m2\repository\jakarta\annotation\jakarta.annotation-api\2.1.1\jakarta.annotation-api-2.1.1.jar;C:\Users\parth\.m2\repository\org\yaml\snakeyaml\2.2\snakeyaml-2.2.jar;C:\Users\parth\.m2\repository\org\thymeleaf\thymeleaf-spring6\3.1.2.RELEASE\thymeleaf-spring6-3.1.2.RELEASE.jar;C:\Users\parth\.m2\repository\org\thymeleaf\thymeleaf\3.1.2.RELEASE\thymeleaf-3.1.2.RELEASE.jar;C:\Users\parth\.m2\repository\org\attoparser\attoparser\2.0.7.RELEASE\attoparser-2.0.7.RELEASE.jar;C:\Users\parth\.m2\repository\org\unbescape\unbescape\1.1.6.RELEASE\unbescape-1.1.6.RELEASE.jar;C:\Users\parth\.m2\repository\org\slf4j\slf4j-api\2.0.9\slf4j-api-2.0.9.jar;C:\Users\parth\.m2\repository\org\springframework\boot\spring-boot-starter-web\3.2.1\spring-boot-starter-web-3.2.1.jar;C:\Users\parth\.m2\repository\org\springframework\boot\spring-boot-starter-json\3.2.1\spring-boot-starter-json-3.2.1.jar;C:\Users\parth\.m2\repository\com\fasterxml\jackson\datatype\jackson-datatype-jdk8\2.15.3\jackson-datatype-jdk8-2.15.3.jar;C:\Users\parth\.m2\repository\com\fasterxml\jackson\module\jackson-module-parameter-names\2.15.3\jackson-module-parameter-names-2.15.3.jar;C:\Users\parth\.m2\repository\org\springframework\boot\spring-boot-starter-tomcat\3.2.1\spring-boot-starter-tomcat-3.2.1.jar;C:\Users\parth\.m2\repository\org\apache\tomcat\embed\tomcat-embed-core\10.1.17\tomcat-embed-core-10.1.17.jar;C:\Users\parth\.m2\repository\org\apache\tomcat\embed\tomcat-embed-el\10.1.17\tomcat-embed-el-10.1.17.jar;C:\Users\parth\.m2\repository\org\apache\tomcat\embed\tomcat-embed-websocket\10.1.17\tomcat-embed-websocket-10.1.17.jar;C:\Users\parth\.m2\repository\org\springframework\spring-web\6.1.2\spring-web-6.1.2.jar;C:\Users\parth\.m2\repository\org\springframework\spring-beans\6.1.2\spring-beans-6.1.2.jar;C:\Users\parth\.m2\repository\org\springframework\spring-webmvc\6.1.2\spring-webmvc-6.1.2.jar;C:\Users\parth\.m2\repository\org\springframework\spring-aop\6.1.2\spring-aop-6.1.2.jar;C:\Users\parth\.m2\repository\org\springframework\spring-context\6.1.2\spring-context-6.1.2.jar;C:\Users\parth\.m2\repository\org\springframework\spring-expression\6.1.2\spring-expression-6.1.2.jar;C:\Users\parth\.m2\repository\org\projectlombok\lombok\1.18.30\lombok-1.18.30.jar;C:\Users\parth\.m2\repository\joda-time\joda-time\2.10\joda-time-2.10.jar;C:\Users\parth\.m2\repository\org\springframework\boot\spring-boot-starter-actuator\3.2.1\spring-boot-starter-actuator-3.2.1.jar;C:\Users\parth\.m2\repository\org\springframework\boot\spring-boot-actuator-autoconfigure\3.2.1\spring-boot-actuator-autoconfigure-3.2.1.jar;C:\Users\parth\.m2\repository\org\springframework\boot\spring-boot-actuator\3.2.1\spring-boot-actuator-3.2.1.jar;C:\Users\parth\.m2\repository\io\micrometer\micrometer-observation\1.12.1\micrometer-observation-1.12.1.jar;C:\Users\parth\.m2\repository\io\micrometer\micrometer-commons\1.12.1\micrometer-commons-1.12.1.jar;C:\Users\parth\.m2\repository\io\micrometer\micrometer-jakarta9\1.12.1\micrometer-jakarta9-1.12.1.jar;C:\Users\parth\.m2\repository\io\micrometer\micrometer-core\1.12.1\micrometer-core-1.12.1.jar;C:\Users\parth\.m2\repository\org\hdrhistogram\HdrHistogram\2.1.12\HdrHistogram-2.1.12.jar;C:\Users\parth\.m2\repository\org\latencyutils\LatencyUtils\2.0.3\LatencyUtils-2.0.3.jar;C:\Users\parth\.m2\repository\com\sun\jersey\jersey-client\1.19\jersey-client-1.19.jar;C:\Users\parth\.m2\repository\com\sun\jersey\jersey-core\1.19\jersey-core-1.19.jar;C:\Users\parth\.m2\repository\javax\ws\rs\jsr311-api\1.1.1\jsr311-api-1.1.1.jar;C:\Users\parth\.m2\repository\org\codehaus\jackson\jackson-core-asl\1.9.13\jackson-core-asl-1.9.13.jar;C:\Users\parth\.m2\repository\org\springframework\boot\spring-boot-starter-mustache\3.2.1\spring-boot-starter-mustache-3.2.1.jar;C:\Users\parth\.m2\repository\com\samskivert\jmustache\1.15\jmustache-1.15.jar;C:\Users\parth\.m2\repository\org\springframework\boot\spring-boot-starter-cache\3.2.1\spring-boot-starter-cache-3.2.1.jar;C:\Users\parth\.m2\repository\org\springframework\spring-context-support\6.1.2\spring-context-support-6.1.2.jar;C:\Users\parth\.m2\repository\com\googlecode\json-simple\json-simple\1.1.1\json-simple-1.1.1.jar;C:\Users\parth\.m2\repository\junit\junit\4.13.2\junit-4.13.2.jar;C:\Users\parth\.m2\repository\org\hamcrest\hamcrest-core\2.2\hamcrest-core-2.2.jar;C:\Users\parth\.m2\repository\com\fasterxml\jackson\datatype\jackson-datatype-jsr310\2.15.3\jackson-datatype-jsr310-2.15.3.jar;C:\Users\parth\.m2\repository\com\fasterxml\jackson\core\jackson-annotations\2.15.3\jackson-annotations-2.15.3.jar;C:\Users\parth\.m2\repository\com\fasterxml\jackson\core\jackson-core\2.15.3\jackson-core-2.15.3.jar;C:\Users\parth\.m2\repository\com\fasterxml\jackson\core\jackson-databind\2.15.3\jackson-databind-2.15.3.jar;C:\Users\parth\.m2\repository\com\github\ben-manes\caffeine\caffeine\3.1.8\caffeine-3.1.8.jar;C:\Users\parth\.m2\repository\org\checkerframework\checker-qual\3.37.0\checker-qual-3.37.0.jar;C:\Users\parth\.m2\repository\com\google\errorprone\error_prone_annotations\2.21.1\error_prone_annotations-2.21.1.jar;C:\Users\parth\.m2\repository\org\springframework\boot\spring-boot-devtools\3.2.1\spring-boot-devtools-3.2.1.jar;C:\Users\parth\.m2\repository\org\springframework\boot\spring-boot\3.2.1\spring-boot-3.2.1.jar;C:\Users\parth\.m2\repository\org\springframework\boot\spring-boot-autoconfigure\3.2.1\spring-boot-autoconfigure-3.2.1.jar;C:\Users\parth\.m2\repository\org\springframework\boot\spring-boot-configuration-processor\3.2.1\spring-boot-configuration-processor-3.2.1.jar;C:\Users\parth\.m2\repository\org\hamcrest\hamcrest\2.2\hamcrest-2.2.jar;C:\Users\parth\.m2\repository\org\springframework\spring-core\6.1.2\spring-core-6.1.2.jar;C:\Users\parth\.m2\repository\org\springframework\spring-jcl\6.1.2\spring-jcl-6.1.2.jar;C:\Users\parth\.m2\repository\net\sourceforge\nekohtml\nekohtml\1.9.22\nekohtml-1.9.22.jar;C:\Users\parth\.m2\repository\xerces\xercesImpl\2.11.0\xercesImpl-2.11.0.jar;C:\Users\parth\.m2\repository\xml-apis\xml-apis\1.4.01\xml-apis-1.4.01.jar;C:\Users\parth\.m2\repository\org\json\json\20180130\json-20180130.jar
Launcher Type: SUN_STANDARD

[Global flags]
     intx CICompilerCount                          = 3                                         {product} {ergonomic}
     uint ConcGCThreads                            = 1                                         {product} {ergonomic}
     uint G1ConcRefinementThreads                  = 4                                         {product} {ergonomic}
   size_t G1HeapRegionSize                         = 1048576                                   {product} {ergonomic}
    uintx GCDrainStackTargetSize                   = 64                                        {product} {ergonomic}
   size_t InitialHeapSize                          = 132120576                                 {product} {ergonomic}
   size_t MarkStackSize                            = 4194304                                   {product} {ergonomic}
   size_t MaxHeapSize                              = 2086666240                                {product} {ergonomic}
   size_t MaxNewSize                               = 1251999744                                {product} {ergonomic}
   size_t MinHeapDeltaBytes                        = 1048576                                   {product} {ergonomic}
   size_t MinHeapSize                              = 8388608                                   {product} {ergonomic}
    uintx NonNMethodCodeHeapSize                   = 5832780                                {pd product} {ergonomic}
    uintx NonProfiledCodeHeapSize                  = 122912730                              {pd product} {ergonomic}
    uintx ProfiledCodeHeapSize                     = 122912730                              {pd product} {ergonomic}
    uintx ReservedCodeCacheSize                    = 251658240                              {pd product} {ergonomic}
     bool SegmentedCodeCache                       = true                                      {product} {ergonomic}
     bool ShowCodeDetailsInExceptionMessages       = true                                   {manageable} {command line}
   size_t SoftMaxHeapSize                          = 2086666240                             {manageable} {ergonomic}
     bool UseCompressedClassPointers               = true                           {product lp64_product} {ergonomic}
     bool UseCompressedOops                        = true                           {product lp64_product} {ergonomic}
     bool UseG1GC                                  = true                                      {product} {ergonomic}
     bool UseLargePagesIndividualAllocation        = false                                  {pd product} {ergonomic}

Logging:
Log output configuration:
 #0: stdout all=warning uptime,level,tags foldmultilines=false
 #1: stderr all=off uptime,level,tags foldmultilines=false

Environment Variables:
JAVA_HOME=C:\Program Files\Java\jdk-18.0.1.1
PATH=C:\Program Files\Common Files\Oracle\Java\javapath;C:\Windows\system32;C:\Windows;C:\Windows\System32\Wbem;C:\Windows\System32\WindowsPowerShell\v1.0\;C:\Windows\System32\OpenSSH\;C:\ProgramData\chocolatey\bin;C:\Program Files\Java\jdk-18.0.1.1\bin;C:\Program Files\Calibre2\;C:\Program Files\Git\cmd;C:\Program Files\dotnet\;C:\Program Files (x86)\Windows Kits\10\Windows Performance Toolkit\;C:\Program Files\nodejs\;C:\Program Files\Docker\Docker\resources\bin;C:\Users\parth\AppData\Local\Programs\Python\Python310\Scripts\;C:\Users\parth\AppData\Local\Programs\Python\Python310\;C:\Users\parth\AppData\Local\Programs\Python\Python311\Scripts\;C:\Users\parth\AppData\Local\Programs\Python\Python311\;E:\Puthon_3\Scripts\;E:\Puthon_3\;C:\Users\parth\AppData\Local\Microsoft\WindowsApps;;C:\Users\parth\AppData\Local\Programs\Microsoft VS Code\bin;C:\Users\parth\AppData\Roaming\npm
USERNAME=parth
LANG=en_US.UTF-8
OS=Windows_NT
PROCESSOR_IDENTIFIER=Intel64 Family 6 Model 78 Stepping 3, GenuineIntel



---------------  S Y S T E M  ---------------

OS:
 Windows 10 , 64 bit Build 19041 (10.0.19041.3636)
OS uptime: 0 days 8:31 hours
Hyper-V role detected

CPU: total 4 (initial active 4) (2 cores per cpu, 2 threads per core) family 6 model 78 stepping 3 microcode 0xec, cx8, cmov, fxsr, ht, mmx, 3dnowpref, sse, sse2, sse3, ssse3, sse4.1, sse4.2, popcnt, lzcnt, tsc, tscinvbit, avx, avx2, aes, erms, clmul, bmi1, bmi2, adx, fma, vzeroupper, clflush, clflushopt, hv

Memory: 4k page, system-wide physical 7956M (407M free)
TotalPageFile size 32532M (AvailPageFile size 8M)
current process WorkingSet (physical memory assigned to process): 45M, peak: 45M
current process commit charge ("private bytes"): 205M, peak: 205M

vm_info: Java HotSpot(TM) 64-Bit Server VM (18.0.1.1+2-6) for windows-amd64 JRE (18.0.1.1+2-6), built on Apr 25 2022 21:53:15 by "mach5one" with MS VC++ 16.8 / 16.9 (VS2019)

END.
